<?xml version="1.0" encoding="UTF-8"?>
<!-- Generated by org.testng.reporters.JUnitReportReporter -->
<testsuite hostname="Prashant_Laptop" failures="0" tests="4" name="Demo.Practice.CrossBrowser" time="45.348" errors="0" timestamp="2024-10-22T18:55:48 IST" skipped="0">
  <testcase classname="Demo.Practice.CrossBrowser" name="LoginFunction" time="14.632"/>
  <testcase classname="Demo.Practice.CrossBrowser" name="LoginFunction" time="14.448"/>
  <testcase classname="Demo.Practice.CrossBrowser" name="LoginFunction" time="7.716"/>
  <testcase classname="Demo.Practice.CrossBrowser" name="LoginFunction" time="8.552"/>
</testsuite> <!-- Demo.Practice.CrossBrowser -->
