<?xml version="1.0" encoding="UTF-8"?>
<!-- Generated by org.testng.reporters.JUnitReportReporter -->
<testsuite hostname="Prashant_Laptop" failures="0" tests="1" name="page.object.model.TestCase1" time="11.716" errors="0" timestamp="2024-11-10T08:49:58 IST" skipped="0">
  <testcase classname="page.object.model.TestCase1" name="testCase" time="11.716"/>
  <system-out/>
</testsuite> <!-- page.object.model.TestCase1 -->
