<?xml version="1.0" encoding="UTF-8"?>
<!-- Generated by org.testng.reporters.JUnitReportReporter -->
<testsuite hostname="Prashant_Laptop" failures="0" tests="1" name="page.object.model.WithotPageFactory.BaseClass" time="3.206" errors="0" timestamp="2024-11-09T21:59:29 IST" skipped="0">
  <testcase classname="page.object.model.WithotPageFactory.BaseClass" name="initialization" time="3.206"/>
  <system-out/>
</testsuite> <!-- page.object.model.WithotPageFactory.BaseClass -->
