<?xml version="1.0" encoding="UTF-8"?>
<!-- Generated by org.testng.reporters.JUnitReportReporter -->
<testsuite hostname="Prashant_Laptop" failures="0" tests="4" name="page.object.model.WithotPageFactory.TestCases" time="2.138" errors="0" timestamp="2024-11-12T17:59:22 IST" skipped="0">
  <testcase classname="page.object.model.WithotPageFactory.TestCases" name="executeTestLogin" time="0.619"/>
  <system-out>
    <![CDATA[Login page test case executed successfully .............]]>
  </system-out>
  <testcase classname="page.object.model.WithotPageFactory.TestCases" name="executeTestAddToCart" time="0.340"/>
  <system-out>
    <![CDATA[Add to cart test case executed successfully.............]]>
  </system-out>
  <testcase classname="page.object.model.WithotPageFactory.TestCases" name="executeTestCheckOut" time="0.848"/>
  <system-out>
    <![CDATA[Checkout functionality is tested successfully...............]]>
  </system-out>
  <testcase classname="page.object.model.WithotPageFactory.TestCases" name="close" time="0.331"/>
  <system-out>
    <![CDATA[Browser is closed successfully............]]>
  </system-out>
</testsuite> <!-- page.object.model.WithotPageFactory.TestCases -->
